<?xml version="1.0" encoding="UTF-8"?>
<testsuite name="NaturalNumberTest" tests="13" skipped="0" failures="0" errors="0" timestamp="2024-01-25T11:33:45" hostname="DEV" time="0.223">
  <properties/>
  <testcase name="testThatNonNegativeIntegerIsRejected()" classname="NaturalNumberTest" time="0.045"/>
  <testcase name="testSmallAbundantNumberIsClassifiedCorrectly()" classname="NaturalNumberTest" time="0.004"/>
  <testcase name="testMediumAbundantNumberIsClassifiedCorrectly()" classname="NaturalNumberTest" time="0.001"/>
  <testcase name="testLargeAbundantNumberIsClassifiedCorrectly()" classname="NaturalNumberTest" time="0.052"/>
  <testcase name="testSmallestPrimeDeficientNumberIsClassifiedCorrectly()" classname="NaturalNumberTest" time="0.005"/>
  <testcase name="testSmallestNonPrimeDeficientNumberIsClassifiedCorrectly()" classname="NaturalNumberTest" time="0.003"/>
  <testcase name="testThatOneIsCorrectlyClassifiedAsDeficient()" classname="NaturalNumberTest" time="0.0"/>
  <testcase name="testSmallPerfectNumberIsClassifiedCorrectly()" classname="NaturalNumberTest" time="0.0"/>
  <testcase name="testThatNegativeIntegerIsRejected()" classname="NaturalNumberTest" time="0.001"/>
  <testcase name="testLargePerfectNumberIsClassifiedCorrectly()" classname="NaturalNumberTest" time="0.053"/>
  <testcase name="testLargeDeficientNumberIsClassifiedCorrectly()" classname="NaturalNumberTest" time="0.048"/>
  <testcase name="testMediumDeficientNumberIsClassifiedCorrectly()" classname="NaturalNumberTest" time="0.001"/>
  <testcase name="testMediumPerfectNumberIsClassifiedCorrectly()" classname="NaturalNumberTest" time="0.001"/>
  <system-out><![CDATA[]]></system-out>
  <system-err><![CDATA[]]></system-err>
</testsuite>
