<?xml version="1.0" encoding="UTF-8"?>
<testsuite name="DoublyLinkedListTest" tests="5" skipped="0" failures="0" errors="0" timestamp="2022-08-12T02:48:07" hostname="CLEONILDO-JUNIO" time="0.034">
  <properties/>
  <testcase name="testExample" classname="DoublyLinkedListTest" time="0.031"/>
  <testcase name="testPushPop" classname="DoublyLinkedListTest" time="0.001"/>
  <testcase name="testPushShift" classname="DoublyLinkedListTest" time="0.0"/>
  <testcase name="testUnshiftPop" classname="DoublyLinkedListTest" time="0.0"/>
  <testcase name="testUnshiftShift" classname="DoublyLinkedListTest" time="0.001"/>
  <system-out><![CDATA[]]></system-out>
  <system-err><![CDATA[]]></system-err>
</testsuite>
