<?xml version="1.0" encoding="UTF-8"?>
<testsuite name="ErrorHandlingTest" tests="1" skipped="0" failures="0" errors="0" timestamp="2024-01-24T11:58:58" hostname="DEV" time="0.042">
  <properties/>
  <testcase name="testReturnOptionalInstance()" classname="ErrorHandlingTest" time="0.042"/>
  <system-out><![CDATA[]]></system-out>
  <system-err><![CDATA[]]></system-err>
</testsuite>
